<?xml version="1.0" encoding="UTF-8"?>
<testng-results ignored="0" total="5" passed="5" failed="0" skipped="0">
  <reporter-output>
  </reporter-output>
  <suite started-at="2025-03-24T13:09:36 IST" name="Default suite" finished-at="2025-03-24T13:09:37 IST" duration-ms="156">
    <groups>
    </groups>
    <test started-at="2025-03-24T13:09:36 IST" name="Default test" finished-at="2025-03-24T13:09:37 IST" duration-ms="156">
      <class name="Demo.Demo_1">
        <test-method signature="Homepage2()[pri:1, instance:Demo.Demo_1@2df3b89c]" started-at="2025-03-24T13:09:37 IST" name="Homepage2" finished-at="2025-03-24T13:09:37 IST" duration-ms="24" status="PASS">
          <reporter-output>
          </reporter-output>
        </test-method> <!-- Homepage2 -->
        <test-method signature="Homepage2()[pri:1, instance:Demo.Demo_1@2df3b89c]" started-at="2025-03-24T13:09:37 IST" name="Homepage2" finished-at="2025-03-24T13:09:37 IST" duration-ms="8" status="PASS">
          <reporter-output>
          </reporter-output>
        </test-method> <!-- Homepage2 -->
        <test-method signature="Homepage2()[pri:1, instance:Demo.Demo_1@2df3b89c]" started-at="2025-03-24T13:09:37 IST" name="Homepage2" finished-at="2025-03-24T13:09:37 IST" duration-ms="7" status="PASS">
          <reporter-output>
          </reporter-output>
        </test-method> <!-- Homepage2 -->
        <test-method signature="Homepage()[pri:2, instance:Demo.Demo_1@2df3b89c]" started-at="2025-03-24T13:09:37 IST" name="Homepage" finished-at="2025-03-24T13:09:37 IST" depends-on-methods="Demo.Demo_1.Homepage2" duration-ms="2" status="PASS">
          <reporter-output>
          </reporter-output>
        </test-method> <!-- Homepage -->
        <test-method signature="Homepage()[pri:2, instance:Demo.Demo_1@2df3b89c]" started-at="2025-03-24T13:09:37 IST" name="Homepage" finished-at="2025-03-24T13:09:37 IST" depends-on-methods="Demo.Demo_1.Homepage2" duration-ms="3" status="PASS">
          <reporter-output>
          </reporter-output>
        </test-method> <!-- Homepage -->
      </class> <!-- Demo.Demo_1 -->
    </test> <!-- Default test -->
  </suite> <!-- Default suite -->
</testng-results>
